<?xml version="1.0" encoding="UTF-8"?>
<testsuite name="com.tobycaulk.triangle.TriangleTest" tests="4" skipped="0" failures="0" errors="0" timestamp="2015-05-06T20:03:05" hostname="Toby-Simones-MacBook.local" time="0.065">
  <properties/>
  <testcase name="calculateEquilateral" classname="com.tobycaulk.triangle.TriangleTest" time="0.002"/>
  <testcase name="parseFileTest" classname="com.tobycaulk.triangle.TriangleTest" time="0.051"/>
  <testcase name="calculateScalene" classname="com.tobycaulk.triangle.TriangleTest" time="0.001"/>
  <testcase name="calculateIscosceles" classname="com.tobycaulk.triangle.TriangleTest" time="0.001"/>
  <system-out><![CDATA[]]></system-out>
  <system-err><![CDATA[]]></system-err>
</testsuite>
